[debug] [2020-04-26T12:07:37.661Z] ----------------------------------------------------------------------
[debug] [2020-04-26T12:07:37.664Z] Command:       C:\Program Files\nodejs\node.exe C:\Users\benya\AppData\Roaming\npm\node_modules\firebase-tools\lib\bin\firebase.js deploy
[debug] [2020-04-26T12:07:37.665Z] CLI Version:   8.1.1
[debug] [2020-04-26T12:07:37.665Z] Platform:      win32
[debug] [2020-04-26T12:07:37.665Z] Node Version:  v12.16.1
[debug] [2020-04-26T12:07:37.667Z] Time:          Sun Apr 26 2020 13:07:37 GMT+0100 (British Summer Time)
[debug] [2020-04-26T12:07:37.667Z] ----------------------------------------------------------------------
[debug] [2020-04-26T12:07:37.667Z] 
[debug] [2020-04-26T12:07:37.678Z] > command requires scopes: ["email","openid","https://www.googleapis.com/auth/cloudplatformprojects.readonly","https://www.googleapis.com/auth/firebase","https://www.googleapis.com/auth/cloud-platform"]
[debug] [2020-04-26T12:07:37.679Z] > authorizing via signed-in user
[debug] [2020-04-26T12:07:37.680Z] [iam] checking project nexus-92b73 for permissions ["cloudfunctions.functions.create","cloudfunctions.functions.delete","cloudfunctions.functions.get","cloudfunctions.functions.list","cloudfunctions.functions.update","cloudfunctions.operations.get","firebase.projects.get","firebasedatabase.instances.update","firebasehosting.sites.update","firebaserules.releases.create","firebaserules.releases.update","firebaserules.rulesets.create"]
[debug] [2020-04-26T12:07:37.685Z] >>> HTTP REQUEST POST https://cloudresourcemanager.googleapis.com/v1/projects/nexus-92b73:testIamPermissions  
 {"permissions":["cloudfunctions.functions.create","cloudfunctions.functions.delete","cloudfunctions.functions.get","cloudfunctions.functions.list","cloudfunctions.functions.update","cloudfunctions.operations.get","firebase.projects.get","firebasedatabase.instances.update","firebasehosting.sites.update","firebaserules.releases.create","firebaserules.releases.update","firebaserules.rulesets.create"]}
[debug] [2020-04-26T12:07:38.440Z] <<< HTTP RESPONSE 200 {"content-type":"application/json; charset=UTF-8","vary":"X-Origin, Referer, Origin,Accept-Encoding","date":"Sun, 26 Apr 2020 12:07:35 GMT","server":"ESF","cache-control":"private","x-xss-protection":"0","x-frame-options":"SAMEORIGIN","x-content-type-options":"nosniff","server-timing":"gfet4t7; dur=642","alt-svc":"quic=\":443\"; ma=2592000; v=\"46,43\",h3-Q050=\":443\"; ma=2592000,h3-Q049=\":443\"; ma=2592000,h3-Q048=\":443\"; ma=2592000,h3-Q046=\":443\"; ma=2592000,h3-Q043=\":443\"; ma=2592000,h3-T050=\":443\"; ma=2592000","accept-ranges":"none","transfer-encoding":"chunked"}
[debug] [2020-04-26T12:07:38.443Z] >>> HTTP REQUEST POST https://iam.googleapis.com/v1/projects/nexus-92b73/serviceAccounts/nexus-92b73@appspot.gserviceaccount.com:testIamPermissions  
 {"permissions":["iam.serviceAccounts.actAs"]}
[debug] [2020-04-26T12:07:38.813Z] <<< HTTP RESPONSE 200 {"content-type":"application/json; charset=UTF-8","vary":"X-Origin, Referer, Origin,Accept-Encoding","date":"Sun, 26 Apr 2020 12:07:35 GMT","server":"ESF","cache-control":"private","x-xss-protection":"0","x-frame-options":"SAMEORIGIN","x-content-type-options":"nosniff","alt-svc":"quic=\":443\"; ma=2592000; v=\"46,43\",h3-Q050=\":443\"; ma=2592000,h3-Q049=\":443\"; ma=2592000,h3-Q048=\":443\"; ma=2592000,h3-Q046=\":443\"; ma=2592000,h3-Q043=\":443\"; ma=2592000,h3-T050=\":443\"; ma=2592000","accept-ranges":"none","transfer-encoding":"chunked"}
[debug] [2020-04-26T12:07:38.816Z] >>> HTTP REQUEST GET https://firebase.googleapis.com/v1beta1/projects/nexus-92b73  
 
[debug] [2020-04-26T12:07:39.130Z] <<< HTTP RESPONSE 200 {"content-type":"application/json; charset=UTF-8","vary":"X-Origin, Referer, Origin,Accept-Encoding","date":"Sun, 26 Apr 2020 12:07:36 GMT","server":"ESF","cache-control":"private","x-xss-protection":"0","x-frame-options":"SAMEORIGIN","x-content-type-options":"nosniff","alt-svc":"quic=\":443\"; ma=2592000; v=\"46,43\",h3-Q050=\":443\"; ma=2592000,h3-Q049=\":443\"; ma=2592000,h3-Q048=\":443\"; ma=2592000,h3-Q046=\":443\"; ma=2592000,h3-Q043=\":443\"; ma=2592000,h3-T050=\":443\"; ma=2592000","accept-ranges":"none","transfer-encoding":"chunked"}
[info] 
[info] === Deploying to 'nexus-92b73'...
[info] 
[info] i  deploying database, storage, functions, hosting
[info] Running command: npm --prefix "$RESOURCE_DIR" run lint
[info] Running command: npm --prefix "$RESOURCE_DIR" run build
[info] +  functions: Finished running predeploy script.
[info] i  database: checking rules syntax...
[debug] [2020-04-26T12:07:51.932Z] >>> HTTP REQUEST PUT https://nexus-92b73.firebaseio.com/.settings/rules.json?dryRun=true  
 {
  /* Visit https://firebase.google.com/docs/database/security to learn more about security rules. */
  "rules": {
    ".read": false,
    ".write": false
  }
}
[debug] [2020-04-26T12:07:52.748Z] <<< HTTP RESPONSE 200 {"server":"nginx","date":"Sun, 26 Apr 2020 12:07:49 GMT","content-type":"application/json; charset=utf-8","content-length":"15","connection":"keep-alive","access-control-allow-origin":"*","cache-control":"no-cache","strict-transport-security":"max-age=31556926; includeSubDomains; preload"}
[debug] [2020-04-26T12:24:23.513Z] ----------------------------------------------------------------------
[debug] [2020-04-26T12:24:23.518Z] Command:       C:\Program Files\nodejs\node.exe C:\Users\benya\AppData\Roaming\npm\node_modules\firebase-tools\lib\bin\firebase.js deploy
[debug] [2020-04-26T12:24:23.519Z] CLI Version:   8.1.1
[debug] [2020-04-26T12:24:23.519Z] Platform:      win32
[debug] [2020-04-26T12:24:23.519Z] Node Version:  v12.16.1
[debug] [2020-04-26T12:24:23.521Z] Time:          Sun Apr 26 2020 13:24:23 GMT+0100 (British Summer Time)
[debug] [2020-04-26T12:24:23.521Z] ----------------------------------------------------------------------
[debug] [2020-04-26T12:24:23.521Z] 
[debug] [2020-04-26T12:24:23.538Z] > command requires scopes: ["email","openid","https://www.googleapis.com/auth/cloudplatformprojects.readonly","https://www.googleapis.com/auth/firebase","https://www.googleapis.com/auth/cloud-platform"]
[debug] [2020-04-26T12:24:23.540Z] > authorizing via signed-in user
[debug] [2020-04-26T12:24:23.540Z] [iam] checking project nexus-92b73 for permissions ["firebase.projects.get","firebasedatabase.instances.update","firebasehosting.sites.update","firebaserules.releases.create","firebaserules.releases.update","firebaserules.rulesets.create"]
[debug] [2020-04-26T12:24:23.546Z] >>> HTTP REQUEST POST https://cloudresourcemanager.googleapis.com/v1/projects/nexus-92b73:testIamPermissions  
 {"permissions":["firebase.projects.get","firebasedatabase.instances.update","firebasehosting.sites.update","firebaserules.releases.create","firebaserules.releases.update","firebaserules.rulesets.create"]}
[debug] [2020-04-26T12:24:24.400Z] <<< HTTP RESPONSE 200 {"content-type":"application/json; charset=UTF-8","vary":"X-Origin, Referer, Origin,Accept-Encoding","date":"Sun, 26 Apr 2020 12:24:21 GMT","server":"ESF","cache-control":"private","x-xss-protection":"0","x-frame-options":"SAMEORIGIN","x-content-type-options":"nosniff","server-timing":"gfet4t7; dur=638","alt-svc":"quic=\":443\"; ma=2592000; v=\"46,43\",h3-Q050=\":443\"; ma=2592000,h3-Q049=\":443\"; ma=2592000,h3-Q048=\":443\"; ma=2592000,h3-Q046=\":443\"; ma=2592000,h3-Q043=\":443\"; ma=2592000,h3-T050=\":443\"; ma=2592000","accept-ranges":"none","transfer-encoding":"chunked"}
[debug] [2020-04-26T12:24:24.404Z] >>> HTTP REQUEST GET https://firebase.googleapis.com/v1beta1/projects/nexus-92b73  
 
[debug] [2020-04-26T12:24:24.700Z] <<< HTTP RESPONSE 200 {"content-type":"application/json; charset=UTF-8","vary":"X-Origin, Referer, Origin,Accept-Encoding","date":"Sun, 26 Apr 2020 12:24:21 GMT","server":"ESF","cache-control":"private","x-xss-protection":"0","x-frame-options":"SAMEORIGIN","x-content-type-options":"nosniff","alt-svc":"quic=\":443\"; ma=2592000; v=\"46,43\",h3-Q050=\":443\"; ma=2592000,h3-Q049=\":443\"; ma=2592000,h3-Q048=\":443\"; ma=2592000,h3-Q046=\":443\"; ma=2592000,h3-Q043=\":443\"; ma=2592000,h3-T050=\":443\"; ma=2592000","accept-ranges":"none","transfer-encoding":"chunked"}
[info] 
[info] === Deploying to 'nexus-92b73'...
[info] 
[info] i  deploying database, storage, hosting
[info] i  database: checking rules syntax...
[debug] [2020-04-26T12:24:24.720Z] >>> HTTP REQUEST PUT https://nexus-92b73.firebaseio.com/.settings/rules.json?dryRun=true  
 {
  /* Visit https://firebase.google.com/docs/database/security to learn more about security rules. */
  "rules": {
    ".read": false,
    ".write": false
  }
}
[debug] [2020-04-26T12:24:25.417Z] <<< HTTP RESPONSE 200 {"server":"nginx","date":"Sun, 26 Apr 2020 12:24:22 GMT","content-type":"application/json; charset=utf-8","content-length":"15","connection":"keep-alive","access-control-allow-origin":"*","cache-control":"no-cache","strict-transport-security":"max-age=31556926; includeSubDomains; preload"}
[debug] [2020-04-26T12:38:21.132Z] ----------------------------------------------------------------------
[debug] [2020-04-26T12:38:21.134Z] Command:       C:\Program Files\nodejs\node.exe C:\Users\benya\AppData\Roaming\npm\node_modules\firebase-tools\lib\bin\firebase.js deploy
[debug] [2020-04-26T12:38:21.134Z] CLI Version:   8.1.1
[debug] [2020-04-26T12:38:21.134Z] Platform:      win32
[debug] [2020-04-26T12:38:21.134Z] Node Version:  v12.16.2
[debug] [2020-04-26T12:38:21.142Z] Time:          Sun Apr 26 2020 13:38:21 GMT+0100 (British Summer Time)
[debug] [2020-04-26T12:38:21.142Z] ----------------------------------------------------------------------
[debug] [2020-04-26T12:38:21.142Z] 
[debug] [2020-04-26T12:38:21.150Z] > command requires scopes: ["email","openid","https://www.googleapis.com/auth/cloudplatformprojects.readonly","https://www.googleapis.com/auth/firebase","https://www.googleapis.com/auth/cloud-platform"]
[debug] [2020-04-26T12:38:21.150Z] > authorizing via signed-in user
[debug] [2020-04-26T12:38:21.151Z] [iam] checking project nexus-92b73 for permissions ["firebase.projects.get","firebasedatabase.instances.update","firebasehosting.sites.update","firebaserules.releases.create","firebaserules.releases.update","firebaserules.rulesets.create"]
[debug] [2020-04-26T12:38:21.155Z] >>> HTTP REQUEST POST https://cloudresourcemanager.googleapis.com/v1/projects/nexus-92b73:testIamPermissions  
 {"permissions":["firebase.projects.get","firebasedatabase.instances.update","firebasehosting.sites.update","firebaserules.releases.create","firebaserules.releases.update","firebaserules.rulesets.create"]}
[debug] [2020-04-26T12:38:21.926Z] <<< HTTP RESPONSE 200 {"content-type":"application/json; charset=UTF-8","vary":"X-Origin, Referer, Origin,Accept-Encoding","date":"Sun, 26 Apr 2020 12:38:18 GMT","server":"ESF","cache-control":"private","x-xss-protection":"0","x-frame-options":"SAMEORIGIN","x-content-type-options":"nosniff","server-timing":"gfet4t7; dur=642","alt-svc":"quic=\":443\"; ma=2592000; v=\"46,43\",h3-Q050=\":443\"; ma=2592000,h3-Q049=\":443\"; ma=2592000,h3-Q048=\":443\"; ma=2592000,h3-Q046=\":443\"; ma=2592000,h3-Q043=\":443\"; ma=2592000,h3-T050=\":443\"; ma=2592000","accept-ranges":"none","transfer-encoding":"chunked"}
[debug] [2020-04-26T12:38:21.930Z] >>> HTTP REQUEST GET https://firebase.googleapis.com/v1beta1/projects/nexus-92b73  
 
[debug] [2020-04-26T12:38:22.191Z] <<< HTTP RESPONSE 200 {"content-type":"application/json; charset=UTF-8","vary":"X-Origin, Referer, Origin,Accept-Encoding","date":"Sun, 26 Apr 2020 12:38:19 GMT","server":"ESF","cache-control":"private","x-xss-protection":"0","x-frame-options":"SAMEORIGIN","x-content-type-options":"nosniff","alt-svc":"quic=\":443\"; ma=2592000; v=\"46,43\",h3-Q050=\":443\"; ma=2592000,h3-Q049=\":443\"; ma=2592000,h3-Q048=\":443\"; ma=2592000,h3-Q046=\":443\"; ma=2592000,h3-Q043=\":443\"; ma=2592000,h3-T050=\":443\"; ma=2592000","accept-ranges":"none","transfer-encoding":"chunked"}
[info] 
[info] === Deploying to 'nexus-92b73'...
[info] 
[info] i  deploying database, storage, hosting
[info] i  database: checking rules syntax...
[debug] [2020-04-26T12:38:22.212Z] >>> HTTP REQUEST PUT https://nexus-92b73.firebaseio.com/.settings/rules.json?dryRun=true  
 {
  /* Visit https://firebase.google.com/docs/database/security to learn more about security rules. */
  "rules": {
    ".read": false,
    ".write": false
  }
}
[debug] [2020-04-26T12:38:23.050Z] <<< HTTP RESPONSE 200 {"server":"nginx","date":"Sun, 26 Apr 2020 12:38:19 GMT","content-type":"application/json; charset=utf-8","content-length":"15","connection":"keep-alive","access-control-allow-origin":"*","cache-control":"no-cache","strict-transport-security":"max-age=31556926; includeSubDomains; preload"}
